# JRE version: Java(TM) SE Runtime Environment (8.0_66-b17) (build 1.8.0_66-b17)
# Java VM: Java HotSpot(TM) 64-Bit Server VM (25.66-b17 mixed mode windows-amd64 compressed oops)
Heap:
 PSYoungGen      total 36352K, used 19218K [0x00000000e0980000, 0x00000000e4180000, 0x0000000100000000)
  eden space 32256K, 46% used [0x00000000e0980000,0x00000000e18448b8,0x00000000e2900000)
  from space 4096K, 100% used [0x00000000e3d80000,0x00000000e4180000,0x00000000e4180000)
  to   space 4096K, 0% used [0x00000000e3980000,0x00000000e3980000,0x00000000e3d80000)
 ParOldGen       total 57856K, used 11626K [0x00000000a1c00000, 0x00000000a5480000, 0x00000000e0980000)
  object space 57856K, 20% used [0x00000000a1c00000,0x00000000a275a878,0x00000000a5480000)
 Metaspace       used 26013K, capacity 27514K, committed 27648K, reserved 1073152K
  class space    used 3746K, capacity 4028K, committed 4096K, reserved 1048576K
GC Heap History (10 events):
Event: 0.880 GC heap before
{Heap before GC invocations=1 (full 0):
 PSYoungGen      total 28672K, used 24576K [0x00000000e0980000, 0x00000000e2980000, 0x0000000100000000)
  eden space 24576K, 100% used [0x00000000e0980000,0x00000000e2180000,0x00000000e2180000)
  from space 4096K, 0% used [0x00000000e2580000,0x00000000e2580000,0x00000000e2980000)
  to   space 4096K, 0% used [0x00000000e2180000,0x00000000e2180000,0x00000000e2580000)
 ParOldGen       total 65536K, used 0K [0x00000000a1c00000, 0x00000000a5c00000, 0x00000000e0980000)
  object space 65536K, 0% used [0x00000000a1c00000,0x00000000a1c00000,0x00000000a5c00000)
 Metaspace       used 12524K, capacity 12918K, committed 13312K, reserved 1060864K
  class space    used 1545K, capacity 1694K, committed 1792K, reserved 1048576K
Event: 0.885 GC heap after
Heap after GC invocations=1 (full 0):
 PSYoungGen      total 28672K, used 4069K [0x00000000e0980000, 0x00000000e2980000, 0x0000000100000000)
  eden space 24576K, 0% used [0x00000000e0980000,0x00000000e0980000,0x00000000e2180000)
  from space 4096K, 99% used [0x00000000e2180000,0x00000000e2579430,0x00000000e2580000)
  to   space 4096K, 0% used [0x00000000e2580000,0x00000000e2580000,0x00000000e2980000)
 ParOldGen       total 65536K, used 477K [0x00000000a1c00000, 0x00000000a5c00000, 0x00000000e0980000)
  object space 65536K, 0% used [0x00000000a1c00000,0x00000000a1c775f0,0x00000000a5c00000)
 Metaspace       used 12524K, capacity 12918K, committed 13312K, reserved 1060864K
  class space    used 1545K, capacity 1694K, committed 1792K, reserved 1048576K
}
Event: 1.740 GC heap before
{Heap before GC invocations=2 (full 0):
 PSYoungGen      total 28672K, used 28645K [0x00000000e0980000, 0x00000000e2980000, 0x0000000100000000)
  eden space 24576K, 100% used [0x00000000e0980000,0x00000000e2180000,0x00000000e2180000)
  from space 4096K, 99% used [0x00000000e2180000,0x00000000e2579430,0x00000000e2580000)
  to   space 4096K, 0% used [0x00000000e2580000,0x00000000e2580000,0x00000000e2980000)
 ParOldGen       total 65536K, used 477K [0x00000000a1c00000, 0x00000000a5c00000, 0x00000000e0980000)
  object space 65536K, 0% used [0x00000000a1c00000,0x00000000a1c775f0,0x00000000a5c00000)
 Metaspace       used 18349K, capacity 18904K, committed 19072K, reserved 1064960K
  class space    used 2535K, capacity 2665K, committed 2688K, reserved 1048576K
Event: 1.754 GC heap after
Heap after GC invocations=2 (full 0):
 PSYoungGen      total 28672K, used 4064K [0x00000000e0980000, 0x00000000e4180000, 0x0000000100000000)
  eden space 24576K, 0% used [0x00000000e0980000,0x00000000e0980000,0x00000000e2180000)
  from space 4096K, 99% used [0x00000000e2580000,0x00000000e2978040,0x00000000e2980000)
  to   space 4096K, 0% used [0x00000000e2180000,0x00000000e2180000,0x00000000e2580000)
 ParOldGen       total 65536K, used 3506K [0x00000000a1c00000, 0x00000000a5c00000, 0x00000000e0980000)
  object space 65536K, 5% used [0x00000000a1c00000,0x00000000a1f6c850,0x00000000a5c00000)
 Metaspace       used 18349K, capacity 18904K, committed 19072K, reserved 1064960K
  class space    used 2535K, capacity 2665K, committed 2688K, reserved 1048576K
}
Event: 2.161 GC heap before
{Heap before GC invocations=3 (full 0):
 PSYoungGen      total 28672K, used 17177K [0x00000000e0980000, 0x00000000e4180000, 0x0000000100000000)
  eden space 24576K, 53% used [0x00000000e0980000,0x00000000e164e568,0x00000000e2180000)
  from space 4096K, 99% used [0x00000000e2580000,0x00000000e2978040,0x00000000e2980000)
  to   space 4096K, 0% used [0x00000000e2180000,0x00000000e2180000,0x00000000e2580000)
 ParOldGen       total 65536K, used 3506K [0x00000000a1c00000, 0x00000000a5c00000, 0x00000000e0980000)
  object space 65536K, 5% used [0x00000000a1c00000,0x00000000a1f6c850,0x00000000a5c00000)
 Metaspace       used 20473K, capacity 21194K, committed 21296K, reserved 1067008K
  class space    used 2936K, capacity 3136K, committed 3200K, reserved 1048576K
Event: 2.168 GC heap after
Heap after GC invocations=3 (full 0):
 PSYoungGen      total 28672K, used 4080K [0x00000000e0980000, 0x00000000e4180000, 0x0000000100000000)
  eden space 24576K, 0% used [0x00000000e0980000,0x00000000e0980000,0x00000000e2180000)
  from space 4096K, 99% used [0x00000000e2180000,0x00000000e257c030,0x00000000e2580000)
  to   space 4096K, 0% used [0x00000000e3d80000,0x00000000e3d80000,0x00000000e4180000)
 ParOldGen       total 65536K, used 8026K [0x00000000a1c00000, 0x00000000a5c00000, 0x00000000e0980000)
  object space 65536K, 12% used [0x00000000a1c00000,0x00000000a23d6838,0x00000000a5c00000)
 Metaspace       used 20473K, capacity 21194K, committed 21296K, reserved 1067008K
  class space    used 2936K, capacity 3136K, committed 3200K, reserved 1048576K
}
Event: 2.168 GC heap before
{Heap before GC invocations=4 (full 1):
 PSYoungGen      total 28672K, used 4080K [0x00000000e0980000, 0x00000000e4180000, 0x0000000100000000)
  eden space 24576K, 0% used [0x00000000e0980000,0x00000000e0980000,0x00000000e2180000)
  from space 4096K, 99% used [0x00000000e2180000,0x00000000e257c030,0x00000000e2580000)
  to   space 4096K, 0% used [0x00000000e3d80000,0x00000000e3d80000,0x00000000e4180000)
 ParOldGen       total 65536K, used 8026K [0x00000000a1c00000, 0x00000000a5c00000, 0x00000000e0980000)
  object space 65536K, 12% used [0x00000000a1c00000,0x00000000a23d6838,0x00000000a5c00000)
 Metaspace       used 20473K, capacity 21194K, committed 21296K, reserved 1067008K
  class space    used 2936K, capacity 3136K, committed 3200K, reserved 1048576K
Event: 2.226 GC heap after
Heap after GC invocations=4 (full 1):
 PSYoungGen      total 28672K, used 0K [0x00000000e0980000, 0x00000000e4180000, 0x0000000100000000)
  eden space 24576K, 0% used [0x00000000e0980000,0x00000000e0980000,0x00000000e2180000)
  from space 4096K, 0% used [0x00000000e2180000,0x00000000e2180000,0x00000000e2580000)
  to   space 4096K, 0% used [0x00000000e3d80000,0x00000000e3d80000,0x00000000e4180000)
 ParOldGen       total 57856K, used 10263K [0x00000000a1c00000, 0x00000000a5480000, 0x00000000e0980000)
  object space 57856K, 17% used [0x00000000a1c00000,0x00000000a2605df8,0x00000000a5480000)
 Metaspace       used 20473K, capacity 21194K, committed 21296K, reserved 1067008K
  class space    used 2936K, capacity 3136K, committed 3200K, reserved 1048576K
}
Event: 3.735 GC heap before
{Heap before GC invocations=5 (full 1):
 PSYoungGen      total 28672K, used 24003K [0x00000000e0980000, 0x00000000e4180000, 0x0000000100000000)
  eden space 24576K, 97% used [0x00000000e0980000,0x00000000e20f0f90,0x00000000e2180000)
  from space 4096K, 0% used [0x00000000e2180000,0x00000000e2180000,0x00000000e2580000)
  to   space 4096K, 0% used [0x00000000e3d80000,0x00000000e3d80000,0x00000000e4180000)
 ParOldGen       total 57856K, used 10263K [0x00000000a1c00000, 0x00000000a5480000, 0x00000000e0980000)
  object space 57856K, 17% used [0x00000000a1c00000,0x00000000a2605df8,0x00000000a5480000)
 Metaspace       used 24623K, capacity 26104K, committed 26240K, reserved 1071104K
  class space    used 3600K, capacity 3877K, committed 3968K, reserved 1048576K
Event: 3.749 GC heap after
Heap after GC invocations=5 (full 1):
 PSYoungGen      total 36352K, used 4096K [0x00000000e0980000, 0x00000000e4180000, 0x0000000100000000)
  eden space 32256K, 0% used [0x00000000e0980000,0x00000000e0980000,0x00000000e2900000)
  from space 4096K, 100% used [0x00000000e3d80000,0x00000000e4180000,0x00000000e4180000)
  to   space 4096K, 0% used [0x00000000e3980000,0x00000000e3980000,0x00000000e3d80000)
 ParOldGen       total 57856K, used 11626K [0x00000000a1c00000, 0x00000000a5480000, 0x00000000e0980000)
  object space 57856K, 20% used [0x00000000a1c00000,0x00000000a275a878,0x00000000a5480000)
 Metaspace       used 24623K, capacity 26104K, committed 26240K, reserved 1071104K
  class space    used 3600K, capacity 3877K, committed 3968K, reserved 1048576K
}

